#
# A fatal error has been detected by the Java Runtime Environment:
#
#  Internal Error (t:/workspace/open/src/hotspot/share/oops/generateOopMap.cpp:2162), pid=22884, tid=664
#  fatal error: Illegal class file encountered. Try running with -Xverify:all in method _sort
#
# JRE version: Java(TM) SE Runtime Environment (10.0+46) (build 10+46)
# Java VM: Java HotSpot(TM) 64-Bit Server VM (10+46, mixed mode, tiered, compressed oops, g1 gc, windows-amd64)
# No core dump will be written. Minidumps are not enabled by default on client versions of Windows
#
# If you would like to submit a bug report, please visit:
#   http://bugreport.java.com/bugreport/crash.jsp
#

---------------  S U M M A R Y ------------

Command Line: -agentlib:jdwp=transport=dt_socket,address=127.0.0.1:51237,suspend=y,server=n -javaagent:C:\Users\±ê\.IntelliJIdea2018.2\system\captureAgent\debugger-agent.jar=file:/C:/Users/%E6%A0%87/AppData/Local/Temp/capture.props -Dfile.encoding=UTF-8 Chap2.practice1.InsertSortImproved

Host: Intel(R) Core(TM) i7-7700HQ CPU @ 2.80GHz, 8 cores, 7G,  Windows 10 , 64 bit Build 17134 (10.0.17134.753)
Time: Tue Sep 03 23:40:42 2019 ?D1¨²¡À¨º¡Á?¨º¡À?? elapsed time: 684 seconds (0d 0h 11m 24s)

---------------  T H R E A D  ---------------

Current thread (0x000001cd31e19000):  VMThread "VM Thread" [stack: 0x000000875b400000,0x000000875b500000] [id=664]

Stack: [0x000000875b400000,0x000000875b500000]
[error occurred during error reporting (printing stack bounds), id 0xe0000000]

Native frames: (J=compiled Java code, j=interpreted, Vv=VM code, C=native code)
V  [jvm.dll+0x59fbf9]
V  [jvm.dll+0x6bca11]
V  [jvm.dll+0x6bdc06]
V  [jvm.dll+0x6be1f5]
V  [jvm.dll+0x6be1ab]
V  [jvm.dll+0x59f3f3]
V  [jvm.dll+0x59f7f8]
C  [ntdll.dll+0x9f7dd]
C  [ntdll.dll+0xd856]
C  [ntdll.dll+0x9e70e]
C  0x000001cd1b5b0ead

VM_Operation (0x000000875beff220): GetOrSetLocal, mode: safepoint, requested by thread 0x000001cd32da7800


---------------  P R O C E S S  ---------------

Threads class SMR info:
_java_thread_list=0x000001cd32e34570, length=15, elements={
0x000001cd1022c000, 0x000001cd31e25800, 0x000001cd31e32800, 0x000001cd31e3e000,
0x000001cd3269d000, 0x000001cd326a4000, 0x000001cd326a7000, 0x000001cd326a7800,
0x000001cd326a8800, 0x000001cd326b9000, 0x000001cd32da7800, 0x000001cd329cc000,
0x000001cd32cc1000, 0x000001cd32bc5800, 0x000001cd32bcb800
}

Java Threads: ( => current thread )
  0x000001cd1022c000 JavaThread "main" [_thread_blocked, id=15536, stack(0x0000008759f00000,0x000000875a000000)]
  0x000001cd31e25800 JavaThread "Reference Handler" daemon [_thread_blocked, id=19624, stack(0x000000875b500000,0x000000875b600000)]
  0x000001cd31e32800 JavaThread "Finalizer" daemon [_thread_blocked, id=14972, stack(0x000000875b600000,0x000000875b700000)]
  0x000001cd31e3e000 JavaThread "Signal Dispatcher" daemon [_thread_blocked, id=26080, stack(0x000000875b700000,0x000000875b800000)]
  0x000001cd3269d000 JavaThread "Attach Listener" daemon [_thread_blocked, id=20472, stack(0x000000875b800000,0x000000875b900000)]
  0x000001cd326a4000 JavaThread "C2 CompilerThread0" daemon [_thread_blocked, id=16484, stack(0x000000875b900000,0x000000875ba00000)]
  0x000001cd326a7000 JavaThread "C2 CompilerThread1" daemon [_thread_blocked, id=25952, stack(0x000000875ba00000,0x000000875bb00000)]
  0x000001cd326a7800 JavaThread "C2 CompilerThread2" daemon [_thread_blocked, id=9764, stack(0x000000875bb00000,0x000000875bc00000)]
  0x000001cd326a8800 JavaThread "C1 CompilerThread3" daemon [_thread_blocked, id=1852, stack(0x000000875bc00000,0x000000875bd00000)]
  0x000001cd326b9000 JavaThread "Sweeper thread" daemon [_thread_blocked, id=10920, stack(0x000000875bd00000,0x000000875be00000)]
  0x000001cd32da7800 JavaThread "JDWP Transport Listener: dt_socket" daemon [_thread_blocked, id=14484, stack(0x000000875be00000,0x000000875bf00000)] _threads_hazard_ptr=0x000001cd32e34570
  0x000001cd329cc000 JavaThread "JDWP Event Helper Thread" daemon [_thread_blocked, id=5324, stack(0x000000875bf00000,0x000000875c000000)]
  0x000001cd32cc1000 JavaThread "JDWP Command Reader" daemon [_thread_in_native, id=9228, stack(0x000000875c000000,0x000000875c100000)]
  0x000001cd32bc5800 JavaThread "Common-Cleaner" daemon [_thread_blocked, id=21576, stack(0x000000875c100000,0x000000875c200000)]
  0x000001cd32bcb800 JavaThread "Service Thread" daemon [_thread_blocked, id=13576, stack(0x000000875c200000,0x000000875c300000)]

Other Threads:
=>0x000001cd31e19000 VMThread "VM Thread" [stack: 0x000000875b400000,0x000000875b500000] [id=664]
  0x000001cd32c68000 WatcherThread [stack: 0x000000875c300000,0x000000875c400000] [id=7008]
  0x000001cd10248000 GCTaskThread "GC Thread#0" [stack: 0x000000875a000000,0x000000875a100000] [id=18736]
  0x000001cd10249800 GCTaskThread "GC Thread#1" [stack: 0x000000875a100000,0x000000875a200000] [id=14912]
  0x000001cd1024b000 GCTaskThread "GC Thread#2" [stack: 0x000000875a200000,0x000000875a300000] [id=16260]
  0x000001cd1024d000 GCTaskThread "GC Thread#3" [stack: 0x000000875a300000,0x000000875a400000] [id=17740]
  0x000001cd1024e800 GCTaskThread "GC Thread#4" [stack: 0x000000875a400000,0x000000875a500000] [id=12956]
  0x000001cd10252000 GCTaskThread "GC Thread#5" [stack: 0x000000875a500000,0x000000875a600000] [id=23044]
  0x000001cd10257800 GCTaskThread "GC Thread#6" [stack: 0x000000875a600000,0x000000875a700000] [id=24784]
  0x000001cd10259000 GCTaskThread "GC Thread#7" [stack: 0x000000875a700000,0x000000875a800000] [id=4288]
  0x000001cd102bf800 ConcurrentGCThread "G1 Main Marker" [stack: 0x000000875a800000,0x000000875a900000] [id=22768]
  0x000001cd102c0800 ConcurrentGCThread "G1 Conc#0" [stack: 0x000000875a900000,0x000000875aa00000] [id=21876]
  0x000001cd102c1800 ConcurrentGCThread "G1 Conc#1" [stack: 0x000000875aa00000,0x000000875ab00000] [id=4676]
  0x000001cd31c8e800 ConcurrentGCThread "G1 Refine#0" [stack: 0x000000875ab00000,0x000000875ac00000] [id=24744]
  0x000001cd31c8f800 ConcurrentGCThread "G1 Refine#1" [stack: 0x000000875ac00000,0x000000875ad00000] [id=18136]
  0x000001cd31c90800 ConcurrentGCThread "G1 Refine#2" [stack: 0x000000875ad00000,0x000000875ae00000] [id=6824]
  0x000001cd31c92800 ConcurrentGCThread "G1 Refine#3" [stack: 0x000000875ae00000,0x000000875af00000] [id=25572]
  0x000001cd31c96000 ConcurrentGCThread "G1 Refine#4" [stack: 0x000000875af00000,0x000000875b000000] [id=15572]
  0x000001cd31c99000 ConcurrentGCThread "G1 Refine#5" [stack: 0x000000875b000000,0x000000875b100000] [id=2616]
  0x000001cd31ca0800 ConcurrentGCThread "G1 Refine#6" [stack: 0x000000875b100000,0x000000875b200000] [id=12860]
  0x000001cd31ca7000 ConcurrentGCThread "G1 Refine#7" [stack: 0x000000875b200000,0x000000875b300000] [id=19548]
  0x000001cd31cb2000 ConcurrentGCThread "G1 Young RemSet Sampling" [stack: 0x000000875b300000,0x000000875b400000] [id=22028]

Threads with active compile tasks:

VM state:at safepoint (normal execution)

VM Mutex/Monitor currently owned by a thread:  ([mutex/lock_event])
[0x000001cd1022a830] Threads_lock - owner thread: 0x000001cd31e19000

Heap address: 0x0000000082200000, size: 2014 MB, Compressed Oops mode: 32-bit
Narrow klass base: 0x0000000000000000, Narrow klass shift: 3
Compressed class space size: 1073741824 Address: 0x0000000100000000

Heap:
 garbage-first heap   total 129024K, used 3072K [0x0000000082200000, 0x0000000100000000)
  region size 1024K, 4 young (4096K), 0 survivors (0K)
 Metaspace       used 5220K, capacity 5328K, committed 5376K, reserved 1056768K
  class space    used 438K, capacity 496K, committed 512K, reserved 1048576K
Heap Regions: E=young(eden), S=young(survivor), O=old, HS=humongous(starts), HC=humongous(continues), CS=collection set, F=free, A=archive, TS=gc time stamp, AC=allocation context, TAMS=top-at-mark-start (previous, next)
|   0|0x0000000082200000, 0x0000000082200000, 0x0000000082300000|  0%| F|  |TS  0|AC  0|TAMS 0x0000000082200000, 0x0000000082200000|
|   1|0x0000000082300000, 0x0000000082300000, 0x0000000082400000|  0%| F|  |TS  0|AC  0|TAMS 0x0000000082300000, 0x0000000082300000|
|   2|0x0000000082400000, 0x0000000082400000, 0x0000000082500000|  0%| F|  |TS  0|AC  0|TAMS 0x0000000082400000, 0x0000000082400000|
|   3|0x0000000082500000, 0x0000000082500000, 0x0000000082600000|  0%| F|  |TS  0|AC  0|TAMS 0x0000000082500000, 0x0000000082500000|
|   4|0x0000000082600000, 0x0000000082600000, 0x0000000082700000|  0%| F|  |TS  0|AC  0|TAMS 0x0000000082600000, 0x0000000082600000|
|   5|0x0000000082700000, 0x0000000082700000, 0x0000000082800000|  0%| F|  |TS  0|AC  0|TAMS 0x0000000082700000, 0x0000000082700000|
|   6|0x0000000082800000, 0x0000000082800000, 0x0000000082900000|  0%| F|  |TS  0|AC  0|TAMS 0x0000000082800000, 0x0000000082800000|
|   7|0x0000000082900000, 0x0000000082900000, 0x0000000082a00000|  0%| F|  |TS  0|AC  0|TAMS 0x0000000082900000, 0x0000000082900000|
|   8|0x0000000082a00000, 0x0000000082a00000, 0x0000000082b00000|  0%| F|  |TS  0|AC  0|TAMS 0x0000000082a00000, 0x0000000082a00000|
|   9|0x0000000082b00000, 0x0000000082b00000, 0x0000000082c00000|  0%| F|  |TS  0|AC  0|TAMS 0x0000000082b00000, 0x0000000082b00000|
|  10|0x0000000082c00000, 0x0000000082c00000, 0x0000000082d00000|  0%| F|  |TS  0|AC  0|TAMS 0x0000000082c00000, 0x0000000082c00000|
|  11|0x0000000082d00000, 0x0000000082d00000, 0x0000000082e00000|  0%| F|  |TS  0|AC  0|TAMS 0x0000000082d00000, 0x0000000082d00000|
|  12|0x0000000082e00000, 0x0000000082e00000, 0x0000000082f00000|  0%| F|  |TS  0|AC  0|TAMS 0x0000000082e00000, 0x0000000082e00000|
|  13|0x0000000082f00000, 0x0000000082f00000, 0x0000000083000000|  0%| F|  |TS  0|AC  0|TAMS 0x0000000082f00000, 0x0000000082f00000|
|  14|0x0000000083000000, 0x0000000083000000, 0x0000000083100000|  0%| F|  |TS  0|AC  0|TAMS 0x0000000083000000, 0x0000000083000000|
|  15|0x0000000083100000, 0x0000000083100000, 0x0000000083200000|  0%| F|  |TS  0|AC  0|TAMS 0x0000000083100000, 0x0000000083100000|
|  16|0x0000000083200000, 0x0000000083200000, 0x0000000083300000|  0%| F|  |TS  0|AC  0|TAMS 0x0000000083200000, 0x0000000083200000|
|  17|0x0000000083300000, 0x0000000083300000, 0x0000000083400000|  0%| F|  |TS  0|AC  0|TAMS 0x0000000083300000, 0x0000000083300000|
|  18|0x0000000083400000, 0x0000000083400000, 0x0000000083500000|  0%| F|  |TS  0|AC  0|TAMS 0x0000000083400000, 0x0000000083400000|
|  19|0x0000000083500000, 0x0000000083500000, 0x0000000083600000|  0%| F|  |TS  0|AC  0|TAMS 0x0000000083500000, 0x0000000083500000|
|  20|0x0000000083600000, 0x0000000083600000, 0x0000000083700000|  0%| F|  |TS  0|AC  0|TAMS 0x0000000083600000, 0x0000000083600000|
|  21|0x0000000083700000, 0x0000000083700000, 0x0000000083800000|  0%| F|  |TS  0|AC  0|TAMS 0x0000000083700000, 0x0000000083700000|
|  22|0x0000000083800000, 0x0000000083800000, 0x0000000083900000|  0%| F|  |TS  0|AC  0|TAMS 0x0000000083800000, 0x0000000083800000|
|  23|0x0000000083900000, 0x0000000083900000, 0x0000000083a00000|  0%| F|  |TS  0|AC  0|TAMS 0x0000000083900000, 0x0000000083900000|
|  24|0x0000000083a00000, 0x0000000083a00000, 0x0000000083b00000|  0%| F|  |TS  0|AC  0|TAMS 0x0000000083a00000, 0x0000000083a00000|
|  25|0x0000000083b00000, 0x0000000083b00000, 0x0000000083c00000|  0%| F|  |TS  0|AC  0|TAMS 0x0000000083b00000, 0x0000000083b00000|
|  26|0x0000000083c00000, 0x0000000083c00000, 0x0000000083d00000|  0%| F|  |TS  0|AC  0|TAMS 0x0000000083c00000, 0x0000000083c00000|
|  27|0x0000000083d00000, 0x0000000083d00000, 0x0000000083e00000|  0%| F|  |TS  0|AC  0|TAMS 0x0000000083d00000, 0x0000000083d00000|
|  28|0x0000000083e00000, 0x0000000083e00000, 0x0000000083f00000|  0%| F|  |TS  0|AC  0|TAMS 0x0000000083e00000, 0x0000000083e00000|
|  29|0x0000000083f00000, 0x0000000083f00000, 0x0000000084000000|  0%| F|  |TS  0|AC  0|TAMS 0x0000000083f00000, 0x0000000083f00000|
|  30|0x0000000084000000, 0x0000000084000000, 0x0000000084100000|  0%| F|  |TS  0|AC  0|TAMS 0x0000000084000000, 0x0000000084000000|
|  31|0x0000000084100000, 0x0000000084100000, 0x0000000084200000|  0%| F|  |TS  0|AC  0|TAMS 0x0000000084100000, 0x0000000084100000|
|  32|0x0000000084200000, 0x0000000084200000, 0x0000000084300000|  0%| F|  |TS  0|AC  0|TAMS 0x0000000084200000, 0x0000000084200000|
|  33|0x0000000084300000, 0x0000000084300000, 0x0000000084400000|  0%| F|  |TS  0|AC  0|TAMS 0x0000000084300000, 0x0000000084300000|
|  34|0x0000000084400000, 0x0000000084400000, 0x0000000084500000|  0%| F|  |TS  0|AC  0|TAMS 0x0000000084400000, 0x0000000084400000|
|  35|0x0000000084500000, 0x0000000084500000, 0x0000000084600000|  0%| F|  |TS  0|AC  0|TAMS 0x0000000084500000, 0x0000000084500000|
|  36|0x0000000084600000, 0x0000000084600000, 0x0000000084700000|  0%| F|  |TS  0|AC  0|TAMS 0x0000000084600000, 0x0000000084600000|
|  37|0x0000000084700000, 0x0000000084700000, 0x0000000084800000|  0%| F|  |TS  0|AC  0|TAMS 0x0000000084700000, 0x0000000084700000|
|  38|0x0000000084800000, 0x0000000084800000, 0x0000000084900000|  0%| F|  |TS  0|AC  0|TAMS 0x0000000084800000, 0x0000000084800000|
|  39|0x0000000084900000, 0x0000000084900000, 0x0000000084a00000|  0%| F|  |TS  0|AC  0|TAMS 0x0000000084900000, 0x0000000084900000|
|  40|0x0000000084a00000, 0x0000000084a00000, 0x0000000084b00000|  0%| F|  |TS  0|AC  0|TAMS 0x0000000084a00000, 0x0000000084a00000|
|  41|0x0000000084b00000, 0x0000000084b00000, 0x0000000084c00000|  0%| F|  |TS  0|AC  0|TAMS 0x0000000084b00000, 0x0000000084b00000|
|  42|0x0000000084c00000, 0x0000000084c00000, 0x0000000084d00000|  0%| F|  |TS  0|AC  0|TAMS 0x0000000084c00000, 0x0000000084c00000|
|  43|0x0000000084d00000, 0x0000000084d00000, 0x0000000084e00000|  0%| F|  |TS  0|AC  0|TAMS 0x0000000084d00000, 0x0000000084d00000|
|  44|0x0000000084e00000, 0x0000000084e00000, 0x0000000084f00000|  0%| F|  |TS  0|AC  0|TAMS 0x0000000084e00000, 0x0000000084e00000|
|  45|0x0000000084f00000, 0x0000000084f00000, 0x0000000085000000|  0%| F|  |TS  0|AC  0|TAMS 0x0000000084f00000, 0x0000000084f00000|
|  46|0x0000000085000000, 0x0000000085000000, 0x0000000085100000|  0%| F|  |TS  0|AC  0|TAMS 0x0000000085000000, 0x0000000085000000|
|  47|0x0000000085100000, 0x0000000085100000, 0x0000000085200000|  0%| F|  |TS  0|AC  0|TAMS 0x0000000085100000, 0x0000000085100000|
|  48|0x0000000085200000, 0x0000000085200000, 0x0000000085300000|  0%| F|  |TS  0|AC  0|TAMS 0x0000000085200000, 0x0000000085200000|
|  49|0x0000000085300000, 0x0000000085300000, 0x0000000085400000|  0%| F|  |TS  0|AC  0|TAMS 0x0000000085300000, 0x0000000085300000|
|  50|0x0000000085400000, 0x0000000085400000, 0x0000000085500000|  0%| F|  |TS  0|AC  0|TAMS 0x0000000085400000, 0x0000000085400000|
|  51|0x0000000085500000, 0x0000000085500000, 0x0000000085600000|  0%| F|  |TS  0|AC  0|TAMS 0x0000000085500000, 0x0000000085500000|
|  52|0x0000000085600000, 0x0000000085600000, 0x0000000085700000|  0%| F|  |TS  0|AC  0|TAMS 0x0000000085600000, 0x0000000085600000|
|  53|0x0000000085700000, 0x0000000085700000, 0x0000000085800000|  0%| F|  |TS  0|AC  0|TAMS 0x0000000085700000, 0x0000000085700000|
|  54|0x0000000085800000, 0x0000000085800000, 0x0000000085900000|  0%| F|  |TS  0|AC  0|TAMS 0x0000000085800000, 0x0000000085800000|
|  55|0x0000000085900000, 0x0000000085900000, 0x0000000085a00000|  0%| F|  |TS  0|AC  0|TAMS 0x0000000085900000, 0x0000000085900000|
|  56|0x0000000085a00000, 0x0000000085a00000, 0x0000000085b00000|  0%| F|  |TS  0|AC  0|TAMS 0x0000000085a00000, 0x0000000085a00000|
|  57|0x0000000085b00000, 0x0000000085b00000, 0x0000000085c00000|  0%| F|  |TS  0|AC  0|TAMS 0x0000000085b00000, 0x0000000085b00000|
|  58|0x0000000085c00000, 0x0000000085c00000, 0x0000000085d00000|  0%| F|  |TS  0|AC  0|TAMS 0x0000000085c00000, 0x0000000085c00000|
|  59|0x0000000085d00000, 0x0000000085d00000, 0x0000000085e00000|  0%| F|  |TS  0|AC  0|TAMS 0x0000000085d00000, 0x0000000085d00000|
|  60|0x0000000085e00000, 0x0000000085e00000, 0x0000000085f00000|  0%| F|  |TS  0|AC  0|TAMS 0x0000000085e00000, 0x0000000085e00000|
|  61|0x0000000085f00000, 0x0000000085f00000, 0x0000000086000000|  0%| F|  |TS  0|AC  0|TAMS 0x0000000085f00000, 0x0000000085f00000|
|  62|0x0000000086000000, 0x0000000086000000, 0x0000000086100000|  0%| F|  |TS  0|AC  0|TAMS 0x0000000086000000, 0x0000000086000000|
|  63|0x0000000086100000, 0x0000000086100000, 0x0000000086200000|  0%| F|  |TS  0|AC  0|TAMS 0x0000000086100000, 0x0000000086100000|
|  64|0x0000000086200000, 0x0000000086200000, 0x0000000086300000|  0%| F|  |TS  0|AC  0|TAMS 0x0000000086200000, 0x0000000086200000|
|  65|0x0000000086300000, 0x0000000086300000, 0x0000000086400000|  0%| F|  |TS  0|AC  0|TAMS 0x0000000086300000, 0x0000000086300000|
|  66|0x0000000086400000, 0x0000000086400000, 0x0000000086500000|  0%| F|  |TS  0|AC  0|TAMS 0x0000000086400000, 0x0000000086400000|
|  67|0x0000000086500000, 0x0000000086500000, 0x0000000086600000|  0%| F|  |TS  0|AC  0|TAMS 0x0000000086500000, 0x0000000086500000|
|  68|0x0000000086600000, 0x0000000086600000, 0x0000000086700000|  0%| F|  |TS  0|AC  0|TAMS 0x0000000086600000, 0x0000000086600000|
|  69|0x0000000086700000, 0x0000000086700000, 0x0000000086800000|  0%| F|  |TS  0|AC  0|TAMS 0x0000000086700000, 0x0000000086700000|
|  70|0x0000000086800000, 0x0000000086800000, 0x0000000086900000|  0%| F|  |TS  0|AC  0|TAMS 0x0000000086800000, 0x0000000086800000|
|  71|0x0000000086900000, 0x0000000086900000, 0x0000000086a00000|  0%| F|  |TS  0|AC  0|TAMS 0x0000000086900000, 0x0000000086900000|
|  72|0x0000000086a00000, 0x0000000086a00000, 0x0000000086b00000|  0%| F|  |TS  0|AC  0|TAMS 0x0000000086a00000, 0x0000000086a00000|
|  73|0x0000000086b00000, 0x0000000086b00000, 0x0000000086c00000|  0%| F|  |TS  0|AC  0|TAMS 0x0000000086b00000, 0x0000000086b00000|
|  74|0x0000000086c00000, 0x0000000086c00000, 0x0000000086d00000|  0%| F|  |TS  0|AC  0|TAMS 0x0000000086c00000, 0x0000000086c00000|
|  75|0x0000000086d00000, 0x0000000086d00000, 0x0000000086e00000|  0%| F|  |TS  0|AC  0|TAMS 0x0000000086d00000, 0x0000000086d00000|
|  76|0x0000000086e00000, 0x0000000086e00000, 0x0000000086f00000|  0%| F|  |TS  0|AC  0|TAMS 0x0000000086e00000, 0x0000000086e00000|
|  77|0x0000000086f00000, 0x0000000086f00000, 0x0000000087000000|  0%| F|  |TS  0|AC  0|TAMS 0x0000000086f00000, 0x0000000086f00000|
|  78|0x0000000087000000, 0x0000000087000000, 0x0000000087100000|  0%| F|  |TS  0|AC  0|TAMS 0x0000000087000000, 0x0000000087000000|
|  79|0x0000000087100000, 0x0000000087100000, 0x0000000087200000|  0%| F|  |TS  0|AC  0|TAMS 0x0000000087100000, 0x0000000087100000|
|  80|0x0000000087200000, 0x0000000087200000, 0x0000000087300000|  0%| F|  |TS  0|AC  0|TAMS 0x0000000087200000, 0x0000000087200000|
|  81|0x0000000087300000, 0x0000000087300000, 0x0000000087400000|  0%| F|  |TS  0|AC  0|TAMS 0x0000000087300000, 0x0000000087300000|
|  82|0x0000000087400000, 0x0000000087400000, 0x0000000087500000|  0%| F|  |TS  0|AC  0|TAMS 0x0000000087400000, 0x0000000087400000|
|  83|0x0000000087500000, 0x0000000087500000, 0x0000000087600000|  0%| F|  |TS  0|AC  0|TAMS 0x0000000087500000, 0x0000000087500000|
|  84|0x0000000087600000, 0x0000000087600000, 0x0000000087700000|  0%| F|  |TS  0|AC  0|TAMS 0x0000000087600000, 0x0000000087600000|
|  85|0x0000000087700000, 0x0000000087700000, 0x0000000087800000|  0%| F|  |TS  0|AC  0|TAMS 0x0000000087700000, 0x0000000087700000|
|  86|0x0000000087800000, 0x0000000087800000, 0x0000000087900000|  0%| F|  |TS  0|AC  0|TAMS 0x0000000087800000, 0x0000000087800000|
|  87|0x0000000087900000, 0x0000000087900000, 0x0000000087a00000|  0%| F|  |TS  0|AC  0|TAMS 0x0000000087900000, 0x0000000087900000|
|  88|0x0000000087a00000, 0x0000000087a00000, 0x0000000087b00000|  0%| F|  |TS  0|AC  0|TAMS 0x0000000087a00000, 0x0000000087a00000|
|  89|0x0000000087b00000, 0x0000000087b00000, 0x0000000087c00000|  0%| F|  |TS  0|AC  0|TAMS 0x0000000087b00000, 0x0000000087b00000|
|  90|0x0000000087c00000, 0x0000000087c00000, 0x0000000087d00000|  0%| F|  |TS  0|AC  0|TAMS 0x0000000087c00000, 0x0000000087c00000|
|  91|0x0000000087d00000, 0x0000000087d00000, 0x0000000087e00000|  0%| F|  |TS  0|AC  0|TAMS 0x0000000087d00000, 0x0000000087d00000|
|  92|0x0000000087e00000, 0x0000000087e00000, 0x0000000087f00000|  0%| F|  |TS  0|AC  0|TAMS 0x0000000087e00000, 0x0000000087e00000|
|  93|0x0000000087f00000, 0x0000000087f00000, 0x0000000088000000|  0%| F|  |TS  0|AC  0|TAMS 0x0000000087f00000, 0x0000000087f00000|
|  94|0x0000000088000000, 0x0000000088000000, 0x0000000088100000|  0%| F|  |TS  0|AC  0|TAMS 0x0000000088000000, 0x0000000088000000|
|  95|0x0000000088100000, 0x0000000088100000, 0x0000000088200000|  0%| F|  |TS  0|AC  0|TAMS 0x0000000088100000, 0x0000000088100000|
|  96|0x0000000088200000, 0x0000000088200000, 0x0000000088300000|  0%| F|  |TS  0|AC  0|TAMS 0x0000000088200000, 0x0000000088200000|
|  97|0x0000000088300000, 0x0000000088300000, 0x0000000088400000|  0%| F|  |TS  0|AC  0|TAMS 0x0000000088300000, 0x0000000088300000|
|  98|0x0000000088400000, 0x0000000088400000, 0x0000000088500000|  0%| F|  |TS  0|AC  0|TAMS 0x0000000088400000, 0x0000000088400000|
|  99|0x0000000088500000, 0x0000000088500000, 0x0000000088600000|  0%| F|  |TS  0|AC  0|TAMS 0x0000000088500000, 0x0000000088500000|
| 100|0x0000000088600000, 0x0000000088600000, 0x0000000088700000|  0%| F|  |TS  0|AC  0|TAMS 0x0000000088600000, 0x0000000088600000|
| 101|0x0000000088700000, 0x0000000088700000, 0x0000000088800000|  0%| F|  |TS  0|AC  0|TAMS 0x0000000088700000, 0x0000000088700000|
| 102|0x0000000088800000, 0x0000000088800000, 0x0000000088900000|  0%| F|  |TS  0|AC  0|TAMS 0x0000000088800000, 0x0000000088800000|
| 103|0x0000000088900000, 0x0000000088900000, 0x0000000088a00000|  0%| F|  |TS  0|AC  0|TAMS 0x0000000088900000, 0x0000000088900000|
| 104|0x0000000088a00000, 0x0000000088a00000, 0x0000000088b00000|  0%| F|  |TS  0|AC  0|TAMS 0x0000000088a00000, 0x0000000088a00000|
| 105|0x0000000088b00000, 0x0000000088b00000, 0x0000000088c00000|  0%| F|  |TS  0|AC  0|TAMS 0x0000000088b00000, 0x0000000088b00000|
| 106|0x0000000088c00000, 0x0000000088c00000, 0x0000000088d00000|  0%| F|  |TS  0|AC  0|TAMS 0x0000000088c00000, 0x0000000088c00000|
| 107|0x0000000088d00000, 0x0000000088d00000, 0x0000000088e00000|  0%| F|  |TS  0|AC  0|TAMS 0x0000000088d00000, 0x0000000088d00000|
| 108|0x0000000088e00000, 0x0000000088e00000, 0x0000000088f00000|  0%| F|  |TS  0|AC  0|TAMS 0x0000000088e00000, 0x0000000088e00000|
| 109|0x0000000088f00000, 0x0000000088f00000, 0x0000000089000000|  0%| F|  |TS  0|AC  0|TAMS 0x0000000088f00000, 0x0000000088f00000|
| 110|0x0000000089000000, 0x0000000089000000, 0x0000000089100000|  0%| F|  |TS  0|AC  0|TAMS 0x0000000089000000, 0x0000000089000000|
| 111|0x0000000089100000, 0x0000000089100000, 0x0000000089200000|  0%| F|  |TS  0|AC  0|TAMS 0x0000000089100000, 0x0000000089100000|
| 112|0x0000000089200000, 0x0000000089200000, 0x0000000089300000|  0%| F|  |TS  0|AC  0|TAMS 0x0000000089200000, 0x0000000089200000|
| 113|0x0000000089300000, 0x0000000089300000, 0x0000000089400000|  0%| F|  |TS  0|AC  0|TAMS 0x0000000089300000, 0x0000000089300000|
| 114|0x0000000089400000, 0x0000000089400000, 0x0000000089500000|  0%| F|  |TS  0|AC  0|TAMS 0x0000000089400000, 0x0000000089400000|
| 115|0x0000000089500000, 0x0000000089500000, 0x0000000089600000|  0%| F|  |TS  0|AC  0|TAMS 0x0000000089500000, 0x0000000089500000|
| 116|0x0000000089600000, 0x0000000089600000, 0x0000000089700000|  0%| F|  |TS  0|AC  0|TAMS 0x0000000089600000, 0x0000000089600000|
| 117|0x0000000089700000, 0x0000000089700000, 0x0000000089800000|  0%| F|  |TS  0|AC  0|TAMS 0x0000000089700000, 0x0000000089700000|
| 118|0x0000000089800000, 0x0000000089800000, 0x0000000089900000|  0%| F|  |TS  0|AC  0|TAMS 0x0000000089800000, 0x0000000089800000|
| 119|0x0000000089900000, 0x0000000089900000, 0x0000000089a00000|  0%| F|  |TS  0|AC  0|TAMS 0x0000000089900000, 0x0000000089900000|
| 120|0x0000000089a00000, 0x0000000089a00000, 0x0000000089b00000|  0%| F|  |TS  0|AC  0|TAMS 0x0000000089a00000, 0x0000000089a00000|
| 121|0x0000000089b00000, 0x0000000089b00000, 0x0000000089c00000|  0%| F|  |TS  0|AC  0|TAMS 0x0000000089b00000, 0x0000000089b00000|
| 122|0x0000000089c00000, 0x0000000089c7bc28, 0x0000000089d00000| 48%| E|  |TS  0|AC  0|TAMS 0x0000000089c00000, 0x0000000089c00000|
| 123|0x0000000089d00000, 0x0000000089e00000, 0x0000000089e00000|100%| E|CS|TS  0|AC  0|TAMS 0x0000000089d00000, 0x0000000089d00000|
| 124|0x0000000089e00000, 0x0000000089f00000, 0x0000000089f00000|100%| E|CS|TS  0|AC  0|TAMS 0x0000000089e00000, 0x0000000089e00000|
| 125|0x0000000089f00000, 0x000000008a000000, 0x000000008a000000|100%| E|CS|TS  0|AC  0|TAMS 0x0000000089f00000, 0x0000000089f00000|

Card table byte_map: [0x000001cd2acd0000,0x000001cd2b0c0000] byte_map_base: 0x000001cd2a8bf000

Marking Bits (Prev, Next): (CMBitMap*) 0x000001cd102bf080, (CMBitMap*) 0x000001cd102bf0b8
 Prev Bits: [0x000001cd2b4b0000, 0x000001cd2d428000)
 Next Bits: [0x000001cd2d430000, 0x000001cd2f3a8000)

Polling page: 0x000001cd0dc90000

CodeHeap 'non-profiled nmethods': size=120000Kb used=74Kb max_used=74Kb free=119925Kb
 bounds [0x000001cd23080000, 0x000001cd232f0000, 0x000001cd2a5b0000]
CodeHeap 'profiled nmethods': size=120000Kb used=235Kb max_used=235Kb free=119764Kb
 bounds [0x000001cd1bb50000, 0x000001cd1bdc0000, 0x000001cd23080000]
CodeHeap 'non-nmethods': size=5760Kb used=1102Kb max_used=1112Kb free=4658Kb
 bounds [0x000001cd1b5b0000, 0x000001cd1b820000, 0x000001cd1bb50000]
 total_blobs=559 nmethods=183 adapters=211
 compilation: enabled

Compilation events (10 events):
Event: 1.339 Thread 0x000001cd326a8800  179       3       java.lang.String::startsWith (138 bytes)
Event: 1.340 Thread 0x000001cd326a8800 nmethod 179 0x000001cd1bb88c90 code [0x000001cd1bb88ee0, 0x000001cd1bb898b8]
Event: 1.340 Thread 0x000001cd326a8800  180       3       java.lang.String::getBytes (44 bytes)
Event: 1.340 Thread 0x000001cd326a8800 nmethod 180 0x000001cd1bb89b90 code [0x000001cd1bb89d80, 0x000001cd1bb8a140]
Event: 1.340 Thread 0x000001cd326a7000  181       4       java.lang.String::charAt (25 bytes)
Event: 1.342 Thread 0x000001cd326a7000 nmethod 181 0x000001cd23092590 code [0x000001cd23092740, 0x000001cd230928f8]
Event: 1.353 Thread 0x000001cd326a8800  182       3       sun.nio.fs.WindowsPathParser::isInvalidPathChar (22 bytes)
Event: 1.353 Thread 0x000001cd326a8800 nmethod 182 0x000001cd1bb8a310 code [0x000001cd1bb8a500, 0x000001cd1bb8a8b0]
Event: 1.353 Thread 0x000001cd326a8800  183       3       java.lang.AbstractStringBuilder::newCapacity (55 bytes)
Event: 1.353 Thread 0x000001cd326a8800 nmethod 183 0x000001cd1bb8aa10 code [0x000001cd1bb8abe0, 0x000001cd1bb8ae90]

GC Heap History (0 events):
No events

Deoptimization events (2 events):
Event: 1.256 Thread 0x000001cd1022c000 Uncommon trap: reason=unstable_if action=reinterpret pc=0x000001cd230853cc method=java.lang.String.equals(Ljava/lang/Object;)Z @ 34 c2
Event: 1.264 Thread 0x000001cd1022c000 Uncommon trap: reason=unstable_if action=reinterpret pc=0x000001cd230829bc method=java.lang.String.hashCode()I @ 14 c2

Classes redefined (3 events):
Event: 43.092 Thread 0x000001cd31e19000 redefined class name=Chap2.practice1.InsertSortImproved, count=1
Event: 496.609 Thread 0x000001cd31e19000 redefined class name=Chap2.practice1.InsertSortImproved, count=2
Event: 684.660 Thread 0x000001cd31e19000 redefined class name=Chap2.practice1.InsertSortImproved, count=3

Internal exceptions (0 events):
No events

Events (10 events):
Event: 684.661 Executing VM operation: RedefineClasses done
Event: 684.661 Executing VM operation: GetFrameCount
Event: 684.661 Executing VM operation: GetFrameCount done
Event: 684.661 Executing VM operation: GetFrameCount
Event: 684.661 Executing VM operation: GetFrameCount done
Event: 684.661 Executing VM operation: GetFrameLocation
Event: 684.661 Executing VM operation: GetFrameLocation done
Event: 684.662 Executing VM operation: GetFrameLocation
Event: 684.662 Executing VM operation: GetFrameLocation done
Event: 684.662 Executing VM operation: GetOrSetLocal


Dynamic libraries:
0x00007ff6a2510000 - 0x00007ff6a254e000 	D:\java»·¾³\javajdk\bin\java.exe
0x00007ffbbc8d0000 - 0x00007ffbbcab1000 	C:\WINDOWS\SYSTEM32\ntdll.dll
0x00007ffbbae40000 - 0x00007ffbbaef1000 	C:\WINDOWS\System32\KERNEL32.DLL
0x00007ffbb9660000 - 0x00007ffbb98d3000 	C:\WINDOWS\System32\KERNELBASE.dll
0x00007ffbba2c0000 - 0x00007ffbba361000 	C:\WINDOWS\System32\ADVAPI32.dll
0x00007ffbbac10000 - 0x00007ffbbacae000 	C:\WINDOWS\System32\msvcrt.dll
0x00007ffbbaf00000 - 0x00007ffbbaf5b000 	C:\WINDOWS\System32\sechost.dll
0x00007ffbba440000 - 0x00007ffbba564000 	C:\WINDOWS\System32\RPCRT4.dll
0x00007ffbb9e80000 - 0x00007ffbba010000 	C:\WINDOWS\System32\USER32.dll
0x00007ffbb95e0000 - 0x00007ffbb9600000 	C:\WINDOWS\System32\win32u.dll
0x00007ffbbacb0000 - 0x00007ffbbacd8000 	C:\WINDOWS\System32\GDI32.dll
0x00007ffbb9980000 - 0x00007ffbb9b11000 	C:\WINDOWS\System32\gdi32full.dll
0x00007ffbb98e0000 - 0x00007ffbb997f000 	C:\WINDOWS\System32\msvcp_win.dll
0x00007ffbb94e0000 - 0x00007ffbb95d8000 	C:\WINDOWS\System32\ucrtbase.dll
0x00007ffbaa140000 - 0x00007ffbaa3a9000 	C:\WINDOWS\WinSxS\amd64_microsoft.windows.common-controls_6595b64144ccf1df_6.0.17134.950_none_fb3da4273069d3e0\COMCTL32.dll
0x00007ffbb2fc0000 - 0x00007ffbb2fca000 	C:\WINDOWS\SYSTEM32\VERSION.dll
0x00007ffbbb060000 - 0x00007ffbbb382000 	C:\WINDOWS\System32\combase.dll
0x00007ffbb8ca0000 - 0x00007ffbb8d19000 	C:\WINDOWS\System32\bcryptPrimitives.dll
0x00007ffbba290000 - 0x00007ffbba2bd000 	C:\WINDOWS\System32\IMM32.DLL
0x00007ffb78050000 - 0x00007ffb7813f000 	D:\java»·¾³\javajdk\bin\msvcr120.dll
0x00007ffb76d00000 - 0x00007ffb76da6000 	D:\java»·¾³\javajdk\bin\msvcp120.dll
0x0000000062510000 - 0x0000000062f7f000 	D:\java»·¾³\javajdk\bin\server\jvm.dll
0x00007ffbb9e10000 - 0x00007ffbb9e18000 	C:\WINDOWS\System32\PSAPI.DLL
0x00007ffba96b0000 - 0x00007ffba96b9000 	C:\WINDOWS\SYSTEM32\WSOCK32.dll
0x00007ffbb67c0000 - 0x00007ffbb67e3000 	C:\WINDOWS\SYSTEM32\WINMM.dll
0x00007ffbbc830000 - 0x00007ffbbc89c000 	C:\WINDOWS\System32\WS2_32.dll
0x00007ffbb6790000 - 0x00007ffbb67ba000 	C:\WINDOWS\SYSTEM32\winmmbase.dll
0x00007ffbb9b20000 - 0x00007ffbb9b69000 	C:\WINDOWS\System32\cfgmgr32.dll
0x00007ffb9e840000 - 0x00007ffb9e84f000 	D:\java»·¾³\javajdk\bin\verify.dll
0x00007ffbb7600000 - 0x00007ffbb77c9000 	C:\WINDOWS\SYSTEM32\DBGHELP.DLL
0x00007ffba39f0000 - 0x00007ffba3a19000 	C:\WINDOWS\SYSTEM32\dbgcore.DLL
0x00007ffb92b30000 - 0x00007ffb92b57000 	D:\java»·¾³\javajdk\bin\java.dll
0x00007ffb7c7c0000 - 0x00007ffb7c7f6000 	D:\java»·¾³\javajdk\bin\jdwp.dll
0x00007ffb843c0000 - 0x00007ffb843ea000 	D:\java»·¾³\javajdk\bin\instrument.dll
0x00007ffb8da50000 - 0x00007ffb8da66000 	D:\java»·¾³\javajdk\bin\zip.dll
0x00007ffb9e830000 - 0x00007ffb9e83a000 	D:\java»·¾³\javajdk\bin\jimage.dll
0x00007ffbbb390000 - 0x00007ffbbc7d0000 	C:\WINDOWS\System32\SHELL32.dll
0x00007ffbb9d60000 - 0x00007ffbb9e09000 	C:\WINDOWS\System32\shcore.dll
0x00007ffbb8d20000 - 0x00007ffbb942d000 	C:\WINDOWS\System32\windows.storage.dll
0x00007ffbbc7d0000 - 0x00007ffbbc821000 	C:\WINDOWS\System32\shlwapi.dll
0x00007ffbb8bf0000 - 0x00007ffbb8c01000 	C:\WINDOWS\System32\kernel.appcore.dll
0x00007ffbb8c80000 - 0x00007ffbb8c9f000 	C:\WINDOWS\System32\profapi.dll
0x00007ffbb8c10000 - 0x00007ffbb8c5c000 	C:\WINDOWS\System32\powrprof.dll
0x00007ffbb8be0000 - 0x00007ffbb8bea000 	C:\WINDOWS\System32\FLTLIB.DLL
0x00007ffb943f0000 - 0x00007ffb943fa000 	D:\java»·¾³\javajdk\bin\dt_socket.dll
0x00007ffbb8460000 - 0x00007ffbb84c6000 	C:\WINDOWS\system32\mswsock.dll
0x00007ffb872c0000 - 0x00007ffb872da000 	D:\java»·¾³\javajdk\bin\net.dll
0x00007ffbb3c40000 - 0x00007ffbb3d1d000 	C:\WINDOWS\SYSTEM32\WINHTTP.dll
0x00007ffb83720000 - 0x00007ffb83731000 	D:\java»·¾³\javajdk\bin\nio.dll

dbghelp: loaded successfully - version: 4.0.5 - missing functions: none
symbol engine: initialized successfully - sym options: 0x614 - pdb path: .;D:\java»·¾³\javajdk\bin;C:\WINDOWS\SYSTEM32;C:\WINDOWS\WinSxS\amd64_microsoft.windows.common-controls_6595b64144ccf1df_6.0.17134.950_none_fb3da4273069d3e0;D:\java»·¾³\javajdk\bin\se;D:\java»·¾³\javajdk\bin\;D:\java»·¾³\javajdk\bi;D:\java»·¾³\javajdk\;D:\java»·¾³\javajd;D:\java»·¾³\java;D:\java»·¾³\ja;D:\java»·¾³\;D:\java»·¾

VM Arguments:
jvm_args: -agentlib:jdwp=transport=dt_socket,address=127.0.0.1:51237,suspend=y,server=n -javaagent:C:\Users\±ê\.IntelliJIdea2018.2\system\captureAgent\debugger-agent.jar=file:/C:/Users/%E6%A0%87/AppData/Local/Temp/capture.props -Dfile.encoding=UTF-8 
java_command: Chap2.practice1.InsertSortImproved
java_class_path (initial): D:\my_code\Algorithm4\Alogrithm4\out\production\Alogrithm4;D:\IntelliJ IDEA 2018.2.4\lib\idea_rt.jar
Launcher Type: SUN_STANDARD

Logging:
Log output configuration:
#0: stdout all=warning uptime,level,tags
#1: stderr all=off uptime,level,tags

Environment Variables:
JAVA_HOME=D:\java»·¾³\javajdk
JRE_HOME=D:\java»·¾³\javajre
CLASSPATH=.;D:\java»·¾³\javajdk\lib\tools.jar;D:\java»·¾³\javajdkjre\lib\dt,jar;D:\java»·¾³\javajdk\lib\algs4.jar
PATH=C:\Program Files\Microsoft MPI\Bin\;D:\java»·¾³\javajdk\bin;C:\Program Files\nodejs\;C:\Program Files\LLVM\bin;C:\WINDOWS\system32;C:\WINDOWS;C:\WINDOWS\System32\Wbem;C:\WINDOWS\System32\WindowsPowerShell\v1.0\;C:\WINDOWS\System32\OpenSSH\;%CATALINA_HOME%\bin;D:\python3;D:\androids\platform-tools;D:\java»·¾³\javajdk\bin;D:\java»·¾³\javajdk\jre\bin;D:\java»·¾³\javajre;C:\Program Files\LLVM\bin;D:\opencv_install\opencv\build\bin;D:\°²×°³ÌÐò\ÐÂ½¨ÎÄ¼þ¼Ð\bin;D:\Matlabinstall\runtime\win64;D:\Matlabinstall\bin;D:\Matlabinstall\polyspace\bin;D:\AND-SDK\platform-tools;D:\°²×°³ÌÐò\gradle-5.2.1\bin;D:\mysql\bin;D:\Tomcat\lib\servlet-api.jar;C:\Program Files\Common Files\Autodesk Shared\;D:\python27\;D:\python27\Scripts\;C:\Program Files\Intel\WiFi\bin\;C:\Program Files\Common Files\Intel\WirelessCommon\;D:\apache-maven-3.5.3\bin;D:\software_install\mysql-8.0.15-winx64\mysql-8.0.15-winx64\bin;D:\python3\Scripts;C:\Program Files\dotnet\;D:\MinGW\bin;C:\Program Files\Microsoft SQL Server\Client SDK\ODBC\130\Tools\Binn\;C:\Program Files (x86)\Microsoft SQL Server\140\Tools\Binn\;C:\Program Files\Microsoft SQL Server\140\Tools\Binn\;C:\Program Files\Microsoft SQL Server\140\DTS\Binn\;C:\Program Files\Microsoft SQL Server\130\Tools\Binn\;C:\Program Files (x86)\Microsoft SQL Server\150\DTS\Binn\;D:\python3\Scripts\;D:\python3\;C:\Users\±ê\AppData\Local\Microsoft\WindowsApps;C:\Users\±ê\AppData\Roaming\npm;C:\Users\±ê\AppData\Local\Microsoft\WindowsApps;D:\°²×°³ÌÐò\apache-maven-3.5.3-bin\apache-maven-3.5.3\bin;D:\°²×°³ÌÐò\vscode\Microsoft VS Code\bin;D:\mysql\bin;D:\my_code\Java_Alogrithm\algs4.jar;D:\software_install\WebStorm 2019.1.2\bin;D:\apache-maven-3.5.3\bin
USERNAME=±ê
OS=Windows_NT
PROCESSOR_IDENTIFIER=Intel64 Family 6 Model 158 Stepping 9, GenuineIntel



---------------  S Y S T E M  ---------------

OS: Windows 10 , 64 bit Build 17134 (10.0.17134.753)

CPU:total 8 (initial active 8) (4 cores per cpu, 2 threads per core) family 6 model 158 stepping 9, cmov, cx8, fxsr, mmx, sse, sse2, sse3, ssse3, sse4.1, sse4.2, popcnt, avx, avx2, aes, clmul, erms, 3dnowpref, lzcnt, ht, tsc, tscinvbit, bmi1, bmi2, adx, fma

Memory: 4k page, physical 8247248k(2610992k free), swap 15980496k(4351904k free)

vm_info: Java HotSpot(TM) 64-Bit Server VM (10+46) for windows-amd64 JRE (10+46), built on Mar  8 2018 02:11:18 by "mach5one" with MS VC++ 12.0 (VS2013)

END.
